<?xml version="1.0" encoding="UTF-8"?>
<testsuite xmlns:xsi="http://www.w3.org/2001/XMLSchema-instance" xsi:noNamespaceSchemaLocation="https://maven.apache.org/surefire/maven-surefire-plugin/xsd/surefire-test-report.xsd" version="3.0.2" name="com.projetoweb.oficinamecanica.OficinaMecanicaApplicationTests" time="0.312" tests="1" errors="0" skipped="0" failures="0">
  <properties>
[...]
</properties>
  <testcase name="contextLoads" classname="com.projetoweb.oficinamecanica.OficinaMecanicaApplicationTests" time="0.002">
    <system-out><![CDATA[2026-03-16T15:15:39.601-03:00  INFO 54935 --- [oficinaMecanica] [           main] t.c.s.AnnotationConfigContextLoaderUtils : Could not detect default configuration classes for test class [com.projetoweb.oficinamecanica.OficinaMecanicaApplicationTests]: OficinaMecanicaApplicationTests does not declare any static, non-private, non-final, nested classes annotated with @Configuration.
2026-03-16T15:15:39.608-03:00  INFO 54935 --- [oficinaMecanica] [           main] .b.t.c.SpringBootTestContextBootstrapper : Found @SpringBootConfiguration com.projetoweb.oficinamecanica.OficinaMecanicaApplication for test class com.projetoweb.oficinamecanica.OficinaMecanicaApplicationTests

  .   ____          _            __ _ _
 /\\ / ___'_ __ _ _(_)_ __  __ _ \ \ \ \
( ( )\___ | '_ | '_| | '_ \/ _` | \ \ \ \
 \\/  ___)| |_)| | | | | || (_| |  ) ) ) )
  '  |____| .__|_| |_|_| |_\__, | / / / /
 =========|_|==============|___/=/_/_/_/

 :: Spring Boot ::                (v3.5.7)

2026-03-16T15:15:39.626-03:00  INFO 54935 --- [oficinaMecanica] [           main] c.p.o.OficinaMecanicaApplicationTests    : Starting OficinaMecanicaApplicationTests using Java 21.0.9 with PID 54935 (started by mmdomingues in /Users/mmdomingues/Desktop/Matheus/oficinaMecanica)
2026-03-16T15:15:39.626-03:00  INFO 54935 --- [oficinaMecanica] [           main] c.p.o.OficinaMecanicaApplicationTests    : The following 1 profile is active: "test"
2026-03-16T15:15:39.679-03:00  INFO 54935 --- [oficinaMecanica] [           main] .s.d.r.c.RepositoryConfigurationDelegate : Bootstrapping Spring Data JPA repositories in DEFAULT mode.
2026-03-16T15:15:39.685-03:00  INFO 54935 --- [oficinaMecanica] [           main] .s.d.r.c.RepositoryConfigurationDelegate : Finished Spring Data repository scanning in 5 ms. Found 7 JPA repository interfaces.
2026-03-16T15:15:39.726-03:00  INFO 54935 --- [oficinaMecanica] [           main] com.zaxxer.hikari.HikariDataSource       : HikariPool-2 - Starting...
2026-03-16T15:15:39.727-03:00  INFO 54935 --- [oficinaMecanica] [           main] com.zaxxer.hikari.pool.HikariPool        : HikariPool-2 - Added connection conn10: url=jdbc:h2:mem:testdb user=SA
2026-03-16T15:15:39.727-03:00  INFO 54935 --- [oficinaMecanica] [           main] com.zaxxer.hikari.HikariDataSource       : HikariPool-2 - Start completed.
2026-03-16T15:15:39.727-03:00  INFO 54935 --- [oficinaMecanica] [           main] o.hibernate.jpa.internal.util.LogHelper  : HHH000204: Processing PersistenceUnitInfo [name: default]
2026-03-16T15:15:39.728-03:00  INFO 54935 --- [oficinaMecanica] [           main] o.h.c.internal.RegionFactoryInitiator    : HHH000026: Second-level cache disabled
2026-03-16T15:15:39.730-03:00  INFO 54935 --- [oficinaMecanica] [           main] o.s.o.j.p.SpringPersistenceUnitInfo      : No LoadTimeWeaver setup: ignoring JPA class transformer
2026-03-16T15:15:39.731-03:00  WARN 54935 --- [oficinaMecanica] [           main] org.hibernate.orm.deprecation            : HHH90000025: H2Dialect does not need to be specified explicitly using 'hibernate.dialect' (remove the property setting and it will be selected by default)
2026-03-16T15:15:39.731-03:00  INFO 54935 --- [oficinaMecanica] [           main] org.hibernate.orm.connections.pooling    : HHH10001005: Database info:
	Database JDBC URL [Connecting through datasource 'HikariDataSource (HikariPool-2)']
	Database driver: undefined/unknown
	Database version: 2.3.232
	Autocommit mode: undefined/unknown
	Isolation level: undefined/unknown
	Minimum pool size: undefined/unknown
	Maximum pool size: undefined/unknown
2026-03-16T15:15:39.767-03:00  INFO 54935 --- [oficinaMecanica] [           main] o.h.e.t.j.p.i.JtaPlatformInitiator       : HHH000489: No JTA platform available (set 'hibernate.transaction.jta.platform' to enable JTA platform integration)
Hibernate: 
    drop table if exists tb_carros cascade 
Hibernate: 
    drop table if exists tb_cliente cascade 
Hibernate: 
    drop table if exists tb_order cascade 
Hibernate: 
    drop table if exists tb_order_produto cascade 
Hibernate: 
    drop table if exists tb_order_servico cascade 
Hibernate: 
    drop table if exists tb_produto cascade 
Hibernate: 
    drop table if exists tb_servico cascade 
Hibernate: 
    create table tb_carros (
        ano_fabricacao integer not null,
        cliente_id bigint,
        id bigint generated by default as identity,
        cor varchar(255),
        marca varchar(255) not null,
        modelo varchar(255) not null,
        placa varchar(255) not null unique,
        primary key (id)
    )
Hibernate: 
    create table tb_cliente (
        id bigint generated by default as identity,
        nome varchar(100) not null,
        doc varchar(255) not null unique,
        email varchar(255) not null,
        telefone varchar(255),
        primary key (id)
    )
Hibernate: 
    create table tb_order (
        order_status integer,
        carro_id bigint,
        cliente_id bigint,
        created_at timestamp(6) with time zone,
        id bigint generated by default as identity,
        updated_at timestamp(6) with time zone,
        primary key (id)
    )
Hibernate: 
    create table tb_order_produto (
        preco numeric(10,2),
        quantidade integer,
        order_id bigint not null,
        produto_id bigint not null,
        nome varchar(255),
        primary key (order_id, produto_id)
    )
Hibernate: 
    create table tb_order_servico (
        duracao numeric(21,0),
        preco numeric(10,2),
        order_id bigint not null,
        servico_id bigint not null,
        descricao varchar(255),
        nome varchar(255),
        primary key (order_id, servico_id)
    )
Hibernate: 
    create table tb_produto (
        preco numeric(10,2),
        quantidade integer,
        id bigint generated by default as identity,
        nome varchar(255) not null,
        primary key (id)
    )
Hibernate: 
    create table tb_servico (
        duracao numeric(21,0),
        preco numeric(10,2),
        id bigint generated by default as identity,
        descricao varchar(255),
        nome varchar(255) not null,
        primary key (id)
    )
Hibernate: 
    alter table if exists tb_carros 
       add constraint FKrsbeaepyuiv76hn0seefvmtmq 
       foreign key (cliente_id) 
       references tb_cliente
Hibernate: 
    alter table if exists tb_order 
       add constraint FKl5sunxd39nevesq4idx67s3kl 
       foreign key (carro_id) 
       references tb_carros
Hibernate: 
    alter table if exists tb_order 
       add constraint FK1p9q50yfikqbgrrp0kg2v0rvy 
       foreign key (cliente_id) 
       references tb_cliente
Hibernate: 
    alter table if exists tb_order_produto 
       add constraint FKiqx5lcp30o96folnkdm8f2dhw 
       foreign key (order_id) 
       references tb_order
Hibernate: 
    alter table if exists tb_order_produto 
       add constraint FKk4c0ycxfoqfvp2n3g3a66vb61 
       foreign key (produto_id) 
       references tb_produto
Hibernate: 
    alter table if exists tb_order_servico 
       add constraint FKlq6ee3b72tjegbpjxtumpm938 
       foreign key (order_id) 
       references tb_order
Hibernate: 
    alter table if exists tb_order_servico 
       add constraint FK5hrbcfa7sjl971oip5y6s7gtn 
       foreign key (servico_id) 
       references tb_servico
2026-03-16T15:15:39.779-03:00  INFO 54935 --- [oficinaMecanica] [           main] j.LocalContainerEntityManagerFactoryBean : Initialized JPA EntityManagerFactory for persistence unit 'default'
2026-03-16T15:15:39.845-03:00  WARN 54935 --- [oficinaMecanica] [           main] JpaBaseConfiguration$JpaWebConfiguration : spring.jpa.open-in-view is enabled by default. Therefore, database queries may be performed during view rendering. Explicitly configure spring.jpa.open-in-view to disable this warning
2026-03-16T15:15:39.875-03:00  INFO 54935 --- [oficinaMecanica] [           main] o.s.b.a.h2.H2ConsoleAutoConfiguration    : H2 console available at '/h2-console'. Database available at 'jdbc:h2:mem:testdb'
2026-03-16T15:15:39.884-03:00  INFO 54935 --- [oficinaMecanica] [           main] c.p.o.OficinaMecanicaApplicationTests    : Started OficinaMecanicaApplicationTests in 0.273 seconds (process running for 3.233)
Hibernate: 
    insert 
    into
        tb_cliente
        (doc, email, nome, telefone, id) 
    values
        (?, ?, ?, ?, default)
Hibernate: 
    insert 
    into
        tb_cliente
        (doc, email, nome, telefone, id) 
    values
        (?, ?, ?, ?, default)
Hibernate: 
    insert 
    into
        tb_carros
        (ano_fabricacao, cliente_id, cor, marca, modelo, placa, id) 
    values
        (?, ?, ?, ?, ?, ?, default)
Hibernate: 
    insert 
    into
        tb_carros
        (ano_fabricacao, cliente_id, cor, marca, modelo, placa, id) 
    values
        (?, ?, ?, ?, ?, ?, default)
Hibernate: 
    insert 
    into
        tb_order
        (carro_id, cliente_id, created_at, order_status, updated_at, id) 
    values
        (?, ?, ?, ?, ?, default)
Hibernate: 
    insert 
    into
        tb_order
        (carro_id, cliente_id, created_at, order_status, updated_at, id) 
    values
        (?, ?, ?, ?, ?, default)
Hibernate: 
    insert 
    into
        tb_servico
        (descricao, duracao, nome, preco, id) 
    values
        (?, ?, ?, ?, default)
Hibernate: 
    insert 
    into
        tb_servico
        (descricao, duracao, nome, preco, id) 
    values
        (?, ?, ?, ?, default)
Hibernate: 
    select
        os1_0.order_id,
        os1_0.servico_id,
        os1_0.descricao,
        os1_0.duracao,
        os1_0.nome,
        o1_0.id,
        c1_0.id,
        c1_0.ano_fabricacao,
        c2_0.id,
        c2_0.doc,
        c2_0.email,
        c2_0.nome,
        c2_0.telefone,
        c1_0.cor,
        c1_0.marca,
        c1_0.modelo,
        c1_0.placa,
        c3_0.id,
        c3_0.doc,
        c3_0.email,
        c3_0.nome,
        c3_0.telefone,
        o1_0.created_at,
        o1_0.order_status,
        o1_0.updated_at,
        os1_0.preco,
        s1_0.id,
        s1_0.descricao,
        s1_0.duracao,
        s1_0.nome,
        s1_0.preco 
    from
        tb_order_servico os1_0 
    join
        tb_order o1_0 
            on o1_0.id=os1_0.order_id 
    left join
        tb_carros c1_0 
            on c1_0.id=o1_0.carro_id 
    left join
        tb_cliente c2_0 
            on c2_0.id=c1_0.cliente_id 
    left join
        tb_cliente c3_0 
            on c3_0.id=o1_0.cliente_id 
    join
        tb_servico s1_0 
            on s1_0.id=os1_0.servico_id 
    where
        (
            os1_0.order_id, os1_0.servico_id
        ) in ((?, ?))
Hibernate: 
    select
        o1_0.id,
        c1_0.id,
        c1_0.ano_fabricacao,
        c2_0.id,
        c2_0.doc,
        c2_0.email,
        c2_0.nome,
        c2_0.telefone,
        c1_0.cor,
        c1_0.marca,
        c1_0.modelo,
        c1_0.placa,
        c3_0.id,
        c3_0.doc,
        c3_0.email,
        c3_0.nome,
        c3_0.telefone,
        o1_0.created_at,
        o1_0.order_status,
        o1_0.updated_at 
    from
        tb_order o1_0 
    left join
        tb_carros c1_0 
            on c1_0.id=o1_0.carro_id 
    left join
        tb_cliente c2_0 
            on c2_0.id=c1_0.cliente_id 
    left join
        tb_cliente c3_0 
            on c3_0.id=o1_0.cliente_id 
    where
        o1_0.id=?
Hibernate: 
    select
        s1_0.id,
        s1_0.descricao,
        s1_0.duracao,
        s1_0.nome,
        s1_0.preco 
    from
        tb_servico s1_0 
    where
        s1_0.id=?
Hibernate: 
    select
        os1_0.order_id,
        os1_0.servico_id,
        os1_0.descricao,
        os1_0.duracao,
        os1_0.nome,
        o1_0.id,
        c1_0.id,
        c1_0.ano_fabricacao,
        c2_0.id,
        c2_0.doc,
        c2_0.email,
        c2_0.nome,
        c2_0.telefone,
        c1_0.cor,
        c1_0.marca,
        c1_0.modelo,
        c1_0.placa,
        c3_0.id,
        c3_0.doc,
        c3_0.email,
        c3_0.nome,
        c3_0.telefone,
        o1_0.created_at,
        o1_0.order_status,
        o1_0.updated_at,
        os1_0.preco,
        s1_0.id,
        s1_0.descricao,
        s1_0.duracao,
        s1_0.nome,
        s1_0.preco 
    from
        tb_order_servico os1_0 
    join
        tb_order o1_0 
            on o1_0.id=os1_0.order_id 
    left join
        tb_carros c1_0 
            on c1_0.id=o1_0.carro_id 
    left join
        tb_cliente c2_0 
            on c2_0.id=c1_0.cliente_id 
    left join
        tb_cliente c3_0 
            on c3_0.id=o1_0.cliente_id 
    join
        tb_servico s1_0 
            on s1_0.id=os1_0.servico_id 
    where
        (
            os1_0.order_id, os1_0.servico_id
        ) in ((?, ?))
Hibernate: 
    select
        o1_0.id,
        c1_0.id,
        c1_0.ano_fabricacao,
        c2_0.id,
        c2_0.doc,
        c2_0.email,
        c2_0.nome,
        c2_0.telefone,
        c1_0.cor,
        c1_0.marca,
        c1_0.modelo,
        c1_0.placa,
        c3_0.id,
        c3_0.doc,
        c3_0.email,
        c3_0.nome,
        c3_0.telefone,
        o1_0.created_at,
        o1_0.order_status,
        o1_0.updated_at 
    from
        tb_order o1_0 
    left join
        tb_carros c1_0 
            on c1_0.id=o1_0.carro_id 
    left join
        tb_cliente c2_0 
            on c2_0.id=c1_0.cliente_id 
    left join
        tb_cliente c3_0 
            on c3_0.id=o1_0.cliente_id 
    where
        o1_0.id=?
Hibernate: 
    select
        s1_0.id,
        s1_0.descricao,
        s1_0.duracao,
        s1_0.nome,
        s1_0.preco 
    from
        tb_servico s1_0 
    where
        s1_0.id=?
Hibernate: 
    insert 
    into
        tb_order_servico
        (descricao, duracao, nome, preco, order_id, servico_id) 
    values
        (?, ?, ?, ?, ?, ?)
Hibernate: 
    insert 
    into
        tb_order_servico
        (descricao, duracao, nome, preco, order_id, servico_id) 
    values
        (?, ?, ?, ?, ?, ?)
Hibernate: 
    insert 
    into
        tb_produto
        (nome, preco, quantidade, id) 
    values
        (?, ?, ?, default)
Hibernate: 
    insert 
    into
        tb_produto
        (nome, preco, quantidade, id) 
    values
        (?, ?, ?, default)
Hibernate: 
    select
        op1_0.order_id,
        op1_0.produto_id,
        op1_0.nome,
        o1_0.id,
        c1_0.id,
        c1_0.ano_fabricacao,
        c2_0.id,
        c2_0.doc,
        c2_0.email,
        c2_0.nome,
        c2_0.telefone,
        c1_0.cor,
        c1_0.marca,
        c1_0.modelo,
        c1_0.placa,
        c3_0.id,
        c3_0.doc,
        c3_0.email,
        c3_0.nome,
        c3_0.telefone,
        o1_0.created_at,
        o1_0.order_status,
        o1_0.updated_at,
        op1_0.preco,
        p1_0.id,
        p1_0.nome,
        p1_0.preco,
        p1_0.quantidade,
        op1_0.quantidade 
    from
        tb_order_produto op1_0 
    join
        tb_order o1_0 
            on o1_0.id=op1_0.order_id 
    left join
        tb_carros c1_0 
            on c1_0.id=o1_0.carro_id 
    left join
        tb_cliente c2_0 
            on c2_0.id=c1_0.cliente_id 
    left join
        tb_cliente c3_0 
            on c3_0.id=o1_0.cliente_id 
    join
        tb_produto p1_0 
            on p1_0.id=op1_0.produto_id 
    where
        (
            op1_0.order_id, op1_0.produto_id
        ) in ((?, ?))
Hibernate: 
    select
        o1_0.id,
        c1_0.id,
        c1_0.ano_fabricacao,
        c2_0.id,
        c2_0.doc,
        c2_0.email,
        c2_0.nome,
        c2_0.telefone,
        c1_0.cor,
        c1_0.marca,
        c1_0.modelo,
        c1_0.placa,
        c3_0.id,
        c3_0.doc,
        c3_0.email,
        c3_0.nome,
        c3_0.telefone,
        o1_0.created_at,
        o1_0.order_status,
        o1_0.updated_at 
    from
        tb_order o1_0 
    left join
        tb_carros c1_0 
            on c1_0.id=o1_0.carro_id 
    left join
        tb_cliente c2_0 
            on c2_0.id=c1_0.cliente_id 
    left join
        tb_cliente c3_0 
            on c3_0.id=o1_0.cliente_id 
    where
        o1_0.id=?
Hibernate: 
    select
        p1_0.id,
        p1_0.nome,
        p1_0.preco,
        p1_0.quantidade 
    from
        tb_produto p1_0 
    where
        p1_0.id=?
Hibernate: 
    select
        op1_0.order_id,
        op1_0.produto_id,
        op1_0.nome,
        o1_0.id,
        c1_0.id,
        c1_0.ano_fabricacao,
        c2_0.id,
        c2_0.doc,
        c2_0.email,
        c2_0.nome,
        c2_0.telefone,
        c1_0.cor,
        c1_0.marca,
        c1_0.modelo,
        c1_0.placa,
        c3_0.id,
        c3_0.doc,
        c3_0.email,
        c3_0.nome,
        c3_0.telefone,
        o1_0.created_at,
        o1_0.order_status,
        o1_0.updated_at,
        op1_0.preco,
        p1_0.id,
        p1_0.nome,
        p1_0.preco,
        p1_0.quantidade,
        op1_0.quantidade 
    from
        tb_order_produto op1_0 
    join
        tb_order o1_0 
            on o1_0.id=op1_0.order_id 
    left join
        tb_carros c1_0 
            on c1_0.id=o1_0.carro_id 
    left join
        tb_cliente c2_0 
            on c2_0.id=c1_0.cliente_id 
    left join
        tb_cliente c3_0 
            on c3_0.id=o1_0.cliente_id 
    join
        tb_produto p1_0 
            on p1_0.id=op1_0.produto_id 
    where
        (
            op1_0.order_id, op1_0.produto_id
        ) in ((?, ?))
Hibernate: 
    select
        o1_0.id,
        c1_0.id,
        c1_0.ano_fabricacao,
        c2_0.id,
        c2_0.doc,
        c2_0.email,
        c2_0.nome,
        c2_0.telefone,
        c1_0.cor,
        c1_0.marca,
        c1_0.modelo,
        c1_0.placa,
        c3_0.id,
        c3_0.doc,
        c3_0.email,
        c3_0.nome,
        c3_0.telefone,
        o1_0.created_at,
        o1_0.order_status,
        o1_0.updated_at 
    from
        tb_order o1_0 
    left join
        tb_carros c1_0 
            on c1_0.id=o1_0.carro_id 
    left join
        tb_cliente c2_0 
            on c2_0.id=c1_0.cliente_id 
    left join
        tb_cliente c3_0 
            on c3_0.id=o1_0.cliente_id 
    where
        o1_0.id=?
Hibernate: 
    select
        p1_0.id,
        p1_0.nome,
        p1_0.preco,
        p1_0.quantidade 
    from
        tb_produto p1_0 
    where
        p1_0.id=?
Hibernate: 
    insert 
    into
        tb_order_produto
        (nome, preco, quantidade, order_id, produto_id) 
    values
        (?, ?, ?, ?, ?)
Hibernate: 
    insert 
    into
        tb_order_produto
        (nome, preco, quantidade, order_id, produto_id) 
    values
        (?, ?, ?, ?, ?)
]]></system-out>
  </testcase>
</testsuite>